/data/run01/scv6681/project/mmdetection/mmdet/utils/setup_env.py:43: UserWarning: Setting MKL_NUM_THREADS environment variable for each process to be 1 in default, to avoid your system being overloaded, please further tune the variable for optimal performance in your application as needed.
  f'Setting MKL_NUM_THREADS environment variable for each process '
/data/run01/scv6681/project/mmdetection/mmdet/utils/setup_env.py:43: UserWarning: Setting MKL_NUM_THREADS environment variable for each process to be 1 in default, to avoid your system being overloaded, please further tune the variable for optimal performance in your application as needed.
  f'Setting MKL_NUM_THREADS environment variable for each process '
/data/run01/scv6681/project/mmdetection/mmdet/utils/setup_env.py:43: UserWarning: Setting MKL_NUM_THREADS environment variable for each process to be 1 in default, to avoid your system being overloaded, please further tune the variable for optimal performance in your application as needed.
  f'Setting MKL_NUM_THREADS environment variable for each process '
/data/run01/scv6681/project/mmdetection/mmdet/utils/setup_env.py:43: UserWarning: Setting MKL_NUM_THREADS environment variable for each process to be 1 in default, to avoid your system being overloaded, please further tune the variable for optimal performance in your application as needed.
  f'Setting MKL_NUM_THREADS environment variable for each process '
2022-03-20 10:03:14,769 - mmdet - INFO - Environment info:
------------------------------------------------------------
sys.platform: linux
Python: 3.7.11 (default, Jul 27 2021, 14:32:16) [GCC 7.5.0]
CUDA available: True
GPU 0,1,2,3: Tesla V100-SXM2-32GB
CUDA_HOME: /data/apps/cuda/10.1
NVCC: Cuda compilation tools, release 10.1, V10.1.105
GCC: gcc (GCC) 4.8.5 20150623 (Red Hat 4.8.5-44)
PyTorch: 1.7.1
PyTorch compiling details: PyTorch built with:
  - GCC 7.3
  - C++ Version: 201402
  - Intel(R) Math Kernel Library Version 2020.0.0 Product Build 20191122 for Intel(R) 64 architecture applications
  - Intel(R) MKL-DNN v1.6.0 (Git Hash 5ef631a030a6f73131c77892041042805a06064f)
  - OpenMP 201511 (a.k.a. OpenMP 4.5)
  - NNPACK is enabled
  - CPU capability usage: AVX2
  - CUDA Runtime 10.2
  - NVCC architecture flags: -gencode;arch=compute_37,code=sm_37;-gencode;arch=compute_50,code=sm_50;-gencode;arch=compute_60,code=sm_60;-gencode;arch=compute_70,code=sm_70;-gencode;arch=compute_75,code=sm_75
  - CuDNN 7.6.5
  - Magma 2.5.2
  - Build settings: BLAS=MKL, BUILD_TYPE=Release, CXX_FLAGS= -Wno-deprecated -fvisibility-inlines-hidden -DUSE_PTHREADPOOL -fopenmp -DNDEBUG -DUSE_FBGEMM -DUSE_QNNPACK -DUSE_PYTORCH_QNNPACK -DUSE_XNNPACK -DUSE_VULKAN_WRAPPER -O2 -fPIC -Wno-narrowing -Wall -Wextra -Werror=return-type -Wno-missing-field-initializers -Wno-type-limits -Wno-array-bounds -Wno-unknown-pragmas -Wno-sign-compare -Wno-unused-parameter -Wno-unused-variable -Wno-unused-function -Wno-unused-result -Wno-unused-local-typedefs -Wno-strict-overflow -Wno-strict-aliasing -Wno-error=deprecated-declarations -Wno-stringop-overflow -Wno-psabi -Wno-error=pedantic -Wno-error=redundant-decls -Wno-error=old-style-cast -fdiagnostics-color=always -faligned-new -Wno-unused-but-set-variable -Wno-maybe-uninitialized -fno-math-errno -fno-trapping-math -Werror=format -Wno-stringop-overflow, PERF_WITH_AVX=1, PERF_WITH_AVX2=1, PERF_WITH_AVX512=1, USE_CUDA=ON, USE_EXCEPTION_PTR=1, USE_GFLAGS=OFF, USE_GLOG=OFF, USE_MKL=ON, USE_MKLDNN=ON, USE_MPI=OFF, USE_NCCL=ON, USE_NNPACK=ON, USE_OPENMP=ON, 

TorchVision: 0.8.2
OpenCV: 4.5.5
MMCV: 1.4.4
MMCV Compiler: GCC 6.3
MMCV CUDA Compiler: 10.1
MMDetection: 2.22.0+a04887d
------------------------------------------------------------

2022-03-20 10:03:15,583 - mmdet - INFO - Distributed training: True
2022-03-20 10:03:16,377 - mmdet - INFO - Config:
model = dict(
    type='FasterRCNN',
    backbone=dict(
        type='ResNet',
        depth=50,
        num_stages=4,
        out_indices=(0, 1, 2, 3),
        frozen_stages=1,
        norm_cfg=dict(type='BN', requires_grad=True),
        norm_eval=True,
        style='pytorch',
        plugins=[
            dict(
                cfg=dict(type='ReceptiveFieldAttention'),
                stages=(True, False, False, False),
                position='after_conv3'),
            dict(
                cfg=dict(type='ReceptiveFieldAttention'),
                stages=(False, True, False, False),
                position='after_conv3'),
            dict(
                cfg=dict(type='ReceptiveFieldAttention'),
                stages=(False, False, True, False),
                position='after_conv3'),
            dict(
                cfg=dict(type='ReceptiveFieldAttention'),
                stages=(False, False, False, True),
                position='after_conv3')
        ],
        init_cfg=dict(
            type='Pretrained',
            checkpoint=
            '/data/home/scv6681/run/project/mmdetection/work_dirs/resnet50_rf/model_r50_rf.pth.tar'
        )),
    neck=dict(
        type='FPN',
        in_channels=[256, 512, 1024, 2048],
        out_channels=256,
        num_outs=5),
    rpn_head=dict(
        type='RPNHead',
        in_channels=256,
        feat_channels=256,
        anchor_generator=dict(
            type='AnchorGenerator',
            scales=[8],
            ratios=[0.5, 1.0, 2.0],
            strides=[4, 8, 16, 32, 64]),
        bbox_coder=dict(
            type='DeltaXYWHBBoxCoder',
            target_means=[0.0, 0.0, 0.0, 0.0],
            target_stds=[1.0, 1.0, 1.0, 1.0]),
        loss_cls=dict(
            type='CrossEntropyLoss', use_sigmoid=True, loss_weight=1.0),
        loss_bbox=dict(type='L1Loss', loss_weight=1.0)),
    roi_head=dict(
        type='StandardRoIHead',
        bbox_roi_extractor=dict(
            type='SingleRoIExtractor',
            roi_layer=dict(type='RoIAlign', output_size=7, sampling_ratio=0),
            out_channels=256,
            featmap_strides=[4, 8, 16, 32]),
        bbox_head=dict(
            type='Shared2FCBBoxHead',
            in_channels=256,
            fc_out_channels=1024,
            roi_feat_size=7,
            num_classes=80,
            bbox_coder=dict(
                type='DeltaXYWHBBoxCoder',
                target_means=[0.0, 0.0, 0.0, 0.0],
                target_stds=[0.1, 0.1, 0.2, 0.2]),
            reg_class_agnostic=False,
            loss_cls=dict(
                type='CrossEntropyLoss', use_sigmoid=False, loss_weight=1.0),
            loss_bbox=dict(type='L1Loss', loss_weight=1.0))),
    train_cfg=dict(
        rpn=dict(
            assigner=dict(
                type='MaxIoUAssigner',
                pos_iou_thr=0.7,
                neg_iou_thr=0.3,
                min_pos_iou=0.3,
                match_low_quality=True,
                ignore_iof_thr=-1),
            sampler=dict(
                type='RandomSampler',
                num=256,
                pos_fraction=0.5,
                neg_pos_ub=-1,
                add_gt_as_proposals=False),
            allowed_border=-1,
            pos_weight=-1,
            debug=False),
        rpn_proposal=dict(
            nms_pre=2000,
            max_per_img=1000,
            nms=dict(type='nms', iou_threshold=0.7),
            min_bbox_size=0),
        rcnn=dict(
            assigner=dict(
                type='MaxIoUAssigner',
                pos_iou_thr=0.5,
                neg_iou_thr=0.5,
                min_pos_iou=0.5,
                match_low_quality=False,
                ignore_iof_thr=-1),
            sampler=dict(
                type='RandomSampler',
                num=512,
                pos_fraction=0.25,
                neg_pos_ub=-1,
                add_gt_as_proposals=True),
            pos_weight=-1,
            debug=False)),
    test_cfg=dict(
        rpn=dict(
            nms_pre=1000,
            max_per_img=1000,
            nms=dict(type='nms', iou_threshold=0.7),
            min_bbox_size=0),
        rcnn=dict(
            score_thr=0.05,
            nms=dict(type='nms', iou_threshold=0.5),
            max_per_img=100)))
dataset_type = 'CocoDataset'
data_root = '/data/public/coco2017/'
img_norm_cfg = dict(
    mean=[123.675, 116.28, 103.53], std=[58.395, 57.12, 57.375], to_rgb=True)
train_pipeline = [
    dict(type='LoadImageFromFile'),
    dict(type='LoadAnnotations', with_bbox=True),
    dict(type='Resize', img_scale=(1333, 800), keep_ratio=True),
    dict(type='RandomFlip', flip_ratio=0.5),
    dict(
        type='Normalize',
        mean=[123.675, 116.28, 103.53],
        std=[58.395, 57.12, 57.375],
        to_rgb=True),
    dict(type='Pad', size_divisor=32),
    dict(type='DefaultFormatBundle'),
    dict(type='Collect', keys=['img', 'gt_bboxes', 'gt_labels'])
]
test_pipeline = [
    dict(type='LoadImageFromFile'),
    dict(
        type='MultiScaleFlipAug',
        img_scale=(1333, 800),
        flip=False,
        transforms=[
            dict(type='Resize', keep_ratio=True),
            dict(type='RandomFlip'),
            dict(
                type='Normalize',
                mean=[123.675, 116.28, 103.53],
                std=[58.395, 57.12, 57.375],
                to_rgb=True),
            dict(type='GridMaskV2'),
            dict(type='Pad', size_divisor=32),
            dict(type='ImageToTensor', keys=['img']),
            dict(type='Collect', keys=['img'])
        ])
]
data = dict(
    samples_per_gpu=8,
    workers_per_gpu=2,
    train=dict(
        type='CocoDataset',
        ann_file=
        '/data/home/scv6681/run/data/subcoco/instances_minitrain2017.json',
        img_prefix='/data/public/coco2017/train2017/',
        pipeline=[
            dict(type='LoadImageFromFile'),
            dict(type='LoadAnnotations', with_bbox=True),
            dict(type='Resize', img_scale=(1333, 800), keep_ratio=True),
            dict(type='RandomFlip', flip_ratio=0.5),
            dict(
                type='Normalize',
                mean=[123.675, 116.28, 103.53],
                std=[58.395, 57.12, 57.375],
                to_rgb=True),
            dict(type='GridMaskV2'),
            dict(type='Pad', size_divisor=32),
            dict(type='DefaultFormatBundle'),
            dict(type='Collect', keys=['img', 'gt_bboxes', 'gt_labels'])
        ]),
    val=dict(
        type='CocoDataset',
        ann_file='/data/public/coco2017/annotations/instances_val2017.json',
        img_prefix='/data/public/coco2017/val2017/',
        pipeline=[
            dict(type='LoadImageFromFile'),
            dict(
                type='MultiScaleFlipAug',
                img_scale=(1333, 800),
                flip=False,
                transforms=[
                    dict(type='Resize', keep_ratio=True),
                    dict(type='RandomFlip'),
                    dict(
                        type='Normalize',
                        mean=[123.675, 116.28, 103.53],
                        std=[58.395, 57.12, 57.375],
                        to_rgb=True),
                    dict(type='Pad', size_divisor=32),
                    dict(type='ImageToTensor', keys=['img']),
                    dict(type='Collect', keys=['img'])
                ])
        ]),
    test=dict(
        type='CocoDataset',
        ann_file='/data/public/coco2017/annotations/instances_val2017.json',
        img_prefix='/data/public/coco2017/val2017/',
        pipeline=[
            dict(type='LoadImageFromFile'),
            dict(
                type='MultiScaleFlipAug',
                img_scale=(1333, 800),
                flip=False,
                transforms=[
                    dict(type='Resize', keep_ratio=True),
                    dict(type='RandomFlip'),
                    dict(
                        type='Normalize',
                        mean=[123.675, 116.28, 103.53],
                        std=[58.395, 57.12, 57.375],
                        to_rgb=True),
                    dict(type='Pad', size_divisor=32),
                    dict(type='ImageToTensor', keys=['img']),
                    dict(type='Collect', keys=['img'])
                ])
        ]))
evaluation = dict(interval=1, metric='bbox')
optimizer = dict(type='SGD', lr=0.01, momentum=0.9, weight_decay=0.0001)
optimizer_config = dict(grad_clip=None)
lr_config = dict(
    policy='step',
    warmup='linear',
    warmup_iters=500,
    warmup_ratio=0.001,
    step=[19, 23])
runner = dict(type='EpochBasedRunner', max_epochs=24)
checkpoint_config = dict(interval=1)
log_config = dict(interval=50, hooks=[dict(type='TextLoggerHook')])
custom_hooks = [dict(type='NumClassCheckHook')]
dist_params = dict(backend='nccl')
log_level = 'INFO'
load_from = None
resume_from = None
workflow = [('train', 1)]
opencv_num_threads = 0
mp_start_method = 'fork'
work_dir = './work_dirs/faster_rcnn_r50_rf_fpn_1x_coco'
auto_resume = False
gpu_ids = range(0, 4)

2022-03-20 10:03:16,385 - mmdet - INFO - Set random seed to 894250637, deterministic: False
2022-03-20 10:03:17,040 - mmdet - INFO - initialize ResNet with init_cfg {'type': 'Pretrained', 'checkpoint': '/data/home/scv6681/run/project/mmdetection/work_dirs/resnet50_rf/model_r50_rf.pth.tar'}
2022-03-20 10:03:17,041 - mmcv - INFO - load model from: /data/home/scv6681/run/project/mmdetection/work_dirs/resnet50_rf/model_r50_rf.pth.tar
2022-03-20 10:03:17,042 - mmcv - INFO - load checkpoint from local path: /data/home/scv6681/run/project/mmdetection/work_dirs/resnet50_rf/model_r50_rf.pth.tar
2022-03-20 10:03:17,914 - mmcv - WARNING - The model and loaded state dict do not match exactly

unexpected key in source state_dict: fc.weight, fc.bias

2022-03-20 10:03:17,987 - mmdet - INFO - initialize FPN with init_cfg {'type': 'Xavier', 'layer': 'Conv2d', 'distribution': 'uniform'}
2022-03-20 10:03:18,011 - mmdet - INFO - initialize RPNHead with init_cfg {'type': 'Normal', 'layer': 'Conv2d', 'std': 0.01}
2022-03-20 10:03:18,018 - mmdet - INFO - initialize Shared2FCBBoxHead with init_cfg [{'type': 'Normal', 'std': 0.01, 'override': {'name': 'fc_cls'}}, {'type': 'Normal', 'std': 0.001, 'override': {'name': 'fc_reg'}}, {'type': 'Xavier', 'distribution': 'uniform', 'override': [{'name': 'shared_fcs'}, {'name': 'cls_fcs'}, {'name': 'reg_fcs'}]}]
/data/run01/scv6681/project/mmdetection/mmdet/datasets/api_wrappers/coco_api.py:22: UserWarning: mmpycocotools is deprecated. Please install official pycocotools by "pip install pycocotools"
  UserWarning)
loading annotations into memory...
Done (t=3.08s)
creating index...
index created!
/data/run01/scv6681/project/mmdetection/mmdet/datasets/api_wrappers/coco_api.py:22: UserWarning: mmpycocotools is deprecated. Please install official pycocotools by "pip install pycocotools"
  UserWarning)
loading annotations into memory...
/data/run01/scv6681/project/mmdetection/mmdet/datasets/api_wrappers/coco_api.py:22: UserWarning: mmpycocotools is deprecated. Please install official pycocotools by "pip install pycocotools"
  UserWarning)
loading annotations into memory...
/data/run01/scv6681/project/mmdetection/mmdet/datasets/api_wrappers/coco_api.py:22: UserWarning: mmpycocotools is deprecated. Please install official pycocotools by "pip install pycocotools"
  UserWarning)
loading annotations into memory...
Done (t=3.10s)
creating index...
index created!
Done (t=3.08s)
creating index...
index created!
Done (t=3.10s)
creating index...
index created!
/data/run01/scv6681/project/mmdetection/mmdet/datasets/api_wrappers/coco_api.py:22: UserWarning: mmpycocotools is deprecated. Please install official pycocotools by "pip install pycocotools"
  UserWarning)
/data/run01/scv6681/project/mmdetection/mmdet/datasets/api_wrappers/coco_api.py:22: UserWarning: mmpycocotools is deprecated. Please install official pycocotools by "pip install pycocotools"
  UserWarning)
loading annotations into memory...
loading annotations into memory...
/data/run01/scv6681/project/mmdetection/mmdet/datasets/api_wrappers/coco_api.py:22: UserWarning: mmpycocotools is deprecated. Please install official pycocotools by "pip install pycocotools"
  UserWarning)
loading annotations into memory...
/data/run01/scv6681/project/mmdetection/mmdet/datasets/api_wrappers/coco_api.py:22: UserWarning: mmpycocotools is deprecated. Please install official pycocotools by "pip install pycocotools"
  UserWarning)
loading annotations into memory...
Done (t=0.91s)
creating index...
Done (t=0.92s)
creating index...
Done (t=0.92s)
creating index...
Done (t=0.93s)
creating index...
index created!
index created!
index created!
index created!
2022-03-20 10:03:28,650 - mmdet - INFO - Start running, host: scv6681@g0001, work_dir: /data/run01/scv6681/project/mmdetection/work_dirs/faster_rcnn_r50_rf_fpn_1x_coco
2022-03-20 10:03:28,651 - mmdet - INFO - Hooks will be executed in the following order:
before_run:
(VERY_HIGH   ) StepLrUpdaterHook                  
(NORMAL      ) CheckpointHook                     
(LOW         ) DistEvalHook                       
(VERY_LOW    ) TextLoggerHook                     
 -------------------- 
before_train_epoch:
(VERY_HIGH   ) StepLrUpdaterHook                  
(NORMAL      ) NumClassCheckHook                  
(NORMAL      ) DistSamplerSeedHook                
(LOW         ) IterTimerHook                      
(LOW         ) DistEvalHook                       
(VERY_LOW    ) TextLoggerHook                     
 -------------------- 
before_train_iter:
(VERY_HIGH   ) StepLrUpdaterHook                  
(LOW         ) IterTimerHook                      
(LOW         ) DistEvalHook                       
 -------------------- 
after_train_iter:
(ABOVE_NORMAL) OptimizerHook                      
(NORMAL      ) CheckpointHook                     
(LOW         ) IterTimerHook                      
(LOW         ) DistEvalHook                       
(VERY_LOW    ) TextLoggerHook                     
 -------------------- 
after_train_epoch:
(NORMAL      ) CheckpointHook                     
(LOW         ) DistEvalHook                       
(VERY_LOW    ) TextLoggerHook                     
 -------------------- 
before_val_epoch:
(NORMAL      ) NumClassCheckHook                  
(NORMAL      ) DistSamplerSeedHook                
(LOW         ) IterTimerHook                      
(VERY_LOW    ) TextLoggerHook                     
 -------------------- 
before_val_iter:
(LOW         ) IterTimerHook                      
 -------------------- 
after_val_iter:
(LOW         ) IterTimerHook                      
 -------------------- 
after_val_epoch:
(VERY_LOW    ) TextLoggerHook                     
 -------------------- 
after_run:
(VERY_LOW    ) TextLoggerHook                     
 -------------------- 
2022-03-20 10:03:28,653 - mmdet - INFO - workflow: [('train', 1)], max: 24 epochs
2022-03-20 10:03:28,653 - mmdet - INFO - Checkpoints will be saved to /data/run01/scv6681/project/mmdetection/work_dirs/faster_rcnn_r50_rf_fpn_1x_coco by HardDiskBackend.
2022-03-20 10:04:43,384 - mmdet - INFO - Epoch [1][50/783]	lr: 9.890e-04, eta: 7:46:47, time: 1.494, data_time: 0.077, memory: 22405, loss_rpn_cls: 0.4639, loss_rpn_bbox: 0.1072, loss_cls: 0.8967, acc: 88.7485, loss_bbox: 0.0494, loss: 1.5172
2022-03-20 10:05:54,010 - mmdet - INFO - Epoch [1][100/783]	lr: 1.988e-03, eta: 7:32:48, time: 1.413, data_time: 0.025, memory: 22405, loss_rpn_cls: 0.2650, loss_rpn_bbox: 0.1084, loss_cls: 0.3786, acc: 95.2993, loss_bbox: 0.1450, loss: 0.8971
