Traceback (most recent call last):
Traceback (most recent call last):
Traceback (most recent call last):
Traceback (most recent call last):
  File "tools/train.py", line 209, in <module>
  File "tools/train.py", line 209, in <module>
  File "tools/train.py", line 209, in <module>
  File "tools/train.py", line 209, in <module>
        main()    main()
main()
  File "tools/train.py", line 100, in main

  File "tools/train.py", line 100, in main
  File "tools/train.py", line 100, in main
    main()
  File "tools/train.py", line 100, in main
    cfg = Config.fromfile(args.config)    
    cfg = Config.fromfile(args.config)  File "/data/run01/scv6681/project/github/mmcv/mmcv/utils/config.py", line 335, in fromfile
cfg = Config.fromfile(args.config)

  File "/data/run01/scv6681/project/github/mmcv/mmcv/utils/config.py", line 335, in fromfile
  File "/data/run01/scv6681/project/github/mmcv/mmcv/utils/config.py", line 335, in fromfile
    cfg = Config.fromfile(args.config)
  File "/data/run01/scv6681/project/github/mmcv/mmcv/utils/config.py", line 335, in fromfile
        use_predefined_variables)    use_predefined_variables)
use_predefined_variables)
  File "/data/run01/scv6681/project/github/mmcv/mmcv/utils/config.py", line 181, in _file2dict

  File "/data/run01/scv6681/project/github/mmcv/mmcv/utils/config.py", line 181, in _file2dict
  File "/data/run01/scv6681/project/github/mmcv/mmcv/utils/config.py", line 181, in _file2dict
    use_predefined_variables)
  File "/data/run01/scv6681/project/github/mmcv/mmcv/utils/config.py", line 181, in _file2dict
    check_file_exist(filename)
  File "/data/run01/scv6681/project/github/mmcv/mmcv/utils/path.py", line 23, in check_file_exist
        check_file_exist(filename)check_file_exist(filename)

  File "/data/run01/scv6681/project/github/mmcv/mmcv/utils/path.py", line 23, in check_file_exist
  File "/data/run01/scv6681/project/github/mmcv/mmcv/utils/path.py", line 23, in check_file_exist
    check_file_exist(filename)
  File "/data/run01/scv6681/project/github/mmcv/mmcv/utils/path.py", line 23, in check_file_exist
        raise FileNotFoundError(msg_tmpl.format(filename))    raise FileNotFoundError(msg_tmpl.format(filename))
raise FileNotFoundError(msg_tmpl.format(filename))
FileNotFoundError
FileNotFoundError: FileNotFoundError: file "/data/run01/scv6681/project/mmdetection/configs/faster_rcnn_r50_rf_fpn_1x_coco.py" does not exist: file "/data/run01/scv6681/project/mmdetection/configs/faster_rcnn_r50_rf_fpn_1x_coco.py" does not exist
file "/data/run01/scv6681/project/mmdetection/configs/faster_rcnn_r50_rf_fpn_1x_coco.py" does not exist

    raise FileNotFoundError(msg_tmpl.format(filename))
FileNotFoundError: file "/data/run01/scv6681/project/mmdetection/configs/faster_rcnn_r50_rf_fpn_1x_coco.py" does not exist
Traceback (most recent call last):
  File "/data/home/scv6681/.conda/envs/pool/lib/python3.7/runpy.py", line 193, in _run_module_as_main
    "__main__", mod_spec)
  File "/data/home/scv6681/.conda/envs/pool/lib/python3.7/runpy.py", line 85, in _run_code
    exec(code, run_globals)
  File "/data/home/scv6681/.conda/envs/pool/lib/python3.7/site-packages/torch/distributed/launch.py", line 260, in <module>
    main()
  File "/data/home/scv6681/.conda/envs/pool/lib/python3.7/site-packages/torch/distributed/launch.py", line 256, in main
    cmd=cmd)
subprocess.CalledProcessError: Command '['/data/home/scv6681/.conda/envs/pool/bin/python', '-u', 'tools/train.py', '--local_rank=3', './configs/faster_rcnn_r50_rf_fpn_1x_coco.py', '--launcher', 'pytorch']' returned non-zero exit status 1.
*****************************************
Setting OMP_NUM_THREADS environment variable for each process to be 1 in default, to avoid your system being overloaded, please further tune the variable for optimal performance in your application as needed. 
*****************************************
